>> Writing PID to tmp/pids/thin.pid
>> Using rails adapter
>> Thin web server (v1.2.5 codename This Is Not A Web Server)
>> Maximum connections set to 1024
>> Listening on 0.0.0.0:3000, CTRL+C to stop
>> Stopping ...
>> Exiting!
>> Writing PID to tmp/pids/thin.pid
>> Using rails adapter
>> Thin web server (v1.2.5 codename This Is Not A Web Server)
>> Maximum connections set to 1024
>> Listening on 0.0.0.0:3000, CTRL+C to stop
>> Stopping ...
>> Exiting!
>> Writing PID to tmp/pids/thin.pid
>> Using rails adapter
>> Thin web server (v1.2.5 codename This Is Not A Web Server)
>> Maximum connections set to 1024
>> Listening on 0.0.0.0:3000, CTRL+C to stop
>> Stopping ...
>> Stopping ...
>> Exiting!
>> Writing PID to tmp/pids/thin.pid
>> Using rails adapter
>> Thin web server (v1.2.5 codename This Is Not A Web Server)
>> Maximum connections set to 1024
>> Listening on 0.0.0.0:3000, CTRL+C to stop
>> Stopping ...
>> Stopping ...
>> Exiting!
>> Writing PID to tmp/pids/thin.pid
>> Using rails adapter
>> Thin web server (v1.2.5 codename This Is Not A Web Server)
>> Maximum connections set to 1024
>> Listening on 0.0.0.0:3000, CTRL+C to stop
>> Stopping ...
>> Exiting!
>> Writing PID to tmp/pids/thin.pid
>> Using rails adapter
>> Thin web server (v1.2.5 codename This Is Not A Web Server)
>> Maximum connections set to 1024
>> Listening on 0.0.0.0:3000, CTRL+C to stop
>> Stopping ...
>> Exiting!
>> Writing PID to tmp/pids/thin.pid
>> Using rails adapter
>> Thin web server (v1.2.5 codename This Is Not A Web Server)
>> Maximum connections set to 1024
>> Listening on 0.0.0.0:3000, CTRL+C to stop
>> Stopping ...
>> Stopping ...
>> Exiting!
>> Writing PID to tmp/pids/thin.pid
>> Using rails adapter
>> Thin web server (v1.2.5 codename This Is Not A Web Server)
>> Maximum connections set to 1024
>> Listening on 0.0.0.0:3000, CTRL+C to stop
>> Stopping ...
>> Exiting!
>> Writing PID to tmp/pids/thin.pid
>> Using rails adapter
>> Thin web server (v1.2.5 codename This Is Not A Web Server)
>> Maximum connections set to 1024
>> Listening on 0.0.0.0:3000, CTRL+C to stop
>> Stopping ...
>> Stopping ...
>> Exiting!
>> Writing PID to tmp/pids/thin.pid
>> Using rails adapter
>> Thin web server (v1.2.5 codename This Is Not A Web Server)
>> Maximum connections set to 1024
>> Listening on 0.0.0.0:3000, CTRL+C to stop
>> Stopping ...
>> Exiting!
>> Writing PID to tmp/pids/thin.pid
>> Using rails adapter
>> Thin web server (v1.2.5 codename This Is Not A Web Server)
>> Maximum connections set to 1024
>> Listening on 0.0.0.0:3000, CTRL+C to stop
>> Stopping ...
>> Exiting!
>> Writing PID to tmp/pids/thin.pid
>> Using rails adapter
>> Thin web server (v1.2.5 codename This Is Not A Web Server)
>> Maximum connections set to 1024
>> Listening on 0.0.0.0:3000, CTRL+C to stop
>> Waiting for 2 connection(s) to finish, can take up to 30 sec, CTRL+C to stop now
>> Writing PID to tmp/pids/thin.pid
>> Using rails adapter
>> Thin web server (v1.2.5 codename This Is Not A Web Server)
>> Maximum connections set to 1024
>> Listening on 0.0.0.0:3000, CTRL+C to stop
>> Exiting!
>> Writing PID to tmp/pids/thin.pid
>> Using rails adapter
>> Thin web server (v1.2.5 codename This Is Not A Web Server)
>> Maximum connections set to 1024
>> Listening on 0.0.0.0:3000, CTRL+C to stop
>> Stopping ...
>> Exiting!
>> Writing PID to tmp/pids/thin.pid
>> Using rails adapter
>> Thin web server (v1.2.5 codename This Is Not A Web Server)
>> Maximum connections set to 1024
>> Listening on 0.0.0.0:3000, CTRL+C to stop
>> Stopping ...
>> Exiting!
>> Writing PID to tmp/pids/thin.pid
>> Using rails adapter
>> Thin web server (v1.2.5 codename This Is Not A Web Server)
>> Maximum connections set to 1024
>> Listening on 0.0.0.0:3000, CTRL+C to stop
>> Stopping ...
>> Exiting!
>> Writing PID to tmp/pids/thin.pid
>> Using rails adapter
>> Thin web server (v1.2.5 codename This Is Not A Web Server)
>> Maximum connections set to 1024
>> Listening on 0.0.0.0:3000, CTRL+C to stop
>> Stopping ...
>> Exiting!
>> Writing PID to tmp/pids/thin.pid
>> Using rails adapter
>> Thin web server (v1.2.5 codename This Is Not A Web Server)
>> Maximum connections set to 1024
>> Listening on 0.0.0.0:3000, CTRL+C to stop
>> Stopping ...
>> Stopping ...
>> Exiting!
>> Writing PID to tmp/pids/thin.pid
>> Using rails adapter
>> Thin web server (v1.2.5 codename This Is Not A Web Server)
>> Maximum connections set to 1024
>> Listening on 0.0.0.0:3000, CTRL+C to stop
>> Stopping ...
>> Exiting!
>> Writing PID to tmp/pids/thin.pid
>> Using rails adapter
>> Thin web server (v1.2.5 codename This Is Not A Web Server)
>> Maximum connections set to 1024
>> Listening on 0.0.0.0:3000, CTRL+C to stop
